-------------------------------------------------------------------------------
Test set: GertaeraEzabatuDAWTest
-------------------------------------------------------------------------------
Tests run: 3, Failures: 1, Errors: 0, Skipped: 0, Time elapsed: 0.48 sec <<< FAILURE! - in GertaeraEzabatuDAWTest
test3(GertaeraEzabatuDAWTest)  Time elapsed: 0.125 sec  <<< FAILURE!
java.lang.AssertionError
	at GertaeraEzabatuDAWTest.test3(GertaeraEzabatuDAWTest.java:114)

