<?xml version="1.0" encoding="UTF-8"?>
<testsuite xmlns:xsi="http://www.w3.org/2001/XMLSchema-instance" xsi:schemaLocation="https://maven.apache.org/surefire/maven-surefire-plugin/xsd/surefire-test-report.xsd" name="CreateQuestionDAW" time="0.232" tests="2" errors="1" skipped="0" failures="0">
  <properties>
[...]
</properties>
  <testcase name="test1" classname="CreateQuestionDAW" time="0.134">
    <error message="Can&apos;t find bundle for base name Etiquetas, locale es_ES" type="java.util.MissingResourceException">java.util.MissingResourceException: Can't find bundle for base name Etiquetas, locale es_ES
	at CreateQuestionDAW.test1(CreateQuestionDAW.java:57)
</error>
    <system-out><![CDATA[Creating DataAccess instance => isDatabaseLocal: true getDatabBaseOpenMode: initialize
Opening DataAccess instance => isDatabaseLocal: true getDatabBaseOpenMode: initialize
Creating TestDataAccess instance
Opening TestDataAccess instance 
Opening TestDataAccess instance 
>> DataAccessTest: addEvent
DataBase closed
>> DataAccess: createQuestion=> event= 2068;event1 question= query1 betMinimum=2.0
Opening TestDataAccess instance 
>> DataAccessTest: removeEvent
DataBase closed
Finally true
]]></system-out>
  </testcase>
  <testcase name="test2" classname="CreateQuestionDAW" time="0.098"/>
</testsuite>